2023-03-19 19:38:00,007 CRIT Supervisor is running as root.  Privileges were not dropped because no user is specified in the config file.  If you intend to run as root, you can set user=root in the config file to avoid this message.
2023-03-19 19:38:00,008 INFO supervisord started with pid 1
2023-03-19 19:38:01,012 INFO spawned: 'nginx' with pid 7
2023-03-19 19:38:01,015 INFO spawned: 'php-fpm' with pid 8
2023-03-19 19:38:01,041 INFO exited: php-fpm (exit status 78; not expected)
2023-03-19 19:38:02,043 INFO success: nginx entered RUNNING state, process has stayed up for > than 1 seconds (startsecs)
2023-03-19 19:38:02,045 INFO spawned: 'php-fpm' with pid 21
2023-03-19 19:38:02,071 INFO exited: php-fpm (exit status 78; not expected)
2023-03-19 19:38:04,075 INFO spawned: 'php-fpm' with pid 22
2023-03-19 19:38:04,101 INFO exited: php-fpm (exit status 78; not expected)
2023-03-19 19:38:07,106 INFO spawned: 'php-fpm' with pid 23
2023-03-19 19:38:07,138 INFO exited: php-fpm (exit status 78; not expected)
2023-03-19 19:38:07,312 INFO gave up: php-fpm entered FATAL state, too many start retries too quickly
2023-03-19 19:38:07,312 INFO exited: nginx (exit status 0; expected)
2023-03-19 19:38:08,316 INFO spawned: 'nginx' with pid 48
2023-03-19 19:38:09,332 INFO success: nginx entered RUNNING state, process has stayed up for > than 1 seconds (startsecs)
2023-03-19 19:39:37,430 WARN received SIGQUIT indicating exit request
2023-03-19 19:39:37,430 INFO waiting for nginx to die
2023-03-19 19:39:38,439 INFO stopped: nginx (exit status 0)
2023-03-19 19:41:12,409 CRIT Supervisor is running as root.  Privileges were not dropped because no user is specified in the config file.  If you intend to run as root, you can set user=root in the config file to avoid this message.
2023-03-19 19:41:12,410 INFO supervisord started with pid 1
2023-03-19 19:41:13,413 INFO spawned: 'nginx' with pid 7
2023-03-19 19:41:13,415 INFO spawned: 'php-fpm' with pid 8
2023-03-19 19:41:13,451 INFO exited: php-fpm (exit status 78; not expected)
2023-03-19 19:41:14,453 INFO success: nginx entered RUNNING state, process has stayed up for > than 1 seconds (startsecs)
2023-03-19 19:41:14,454 INFO spawned: 'php-fpm' with pid 21
2023-03-19 19:41:14,477 INFO exited: php-fpm (exit status 78; not expected)
2023-03-19 19:41:16,485 INFO spawned: 'php-fpm' with pid 22
2023-03-19 19:41:16,508 INFO exited: php-fpm (exit status 78; not expected)
2023-03-19 19:41:16,614 INFO exited: nginx (exit status 0; expected)
2023-03-19 19:41:17,618 INFO spawned: 'nginx' with pid 47
2023-03-19 19:41:18,634 INFO success: nginx entered RUNNING state, process has stayed up for > than 1 seconds (startsecs)
2023-03-19 19:41:19,637 INFO spawned: 'php-fpm' with pid 62
2023-03-19 19:41:19,688 INFO exited: php-fpm (exit status 78; not expected)
2023-03-19 19:41:20,689 INFO gave up: php-fpm entered FATAL state, too many start retries too quickly
2023-03-19 19:41:37,708 WARN received SIGQUIT indicating exit request
2023-03-19 19:41:37,709 INFO waiting for nginx to die
2023-03-19 19:41:38,717 INFO stopped: nginx (exit status 0)
